Started GET "/" for ::1 at 2016-10-27 16:35:17 -0400
Processing by Rails::WelcomeController#index as HTML
  Parameters: {"internal"=>true}
  Rendering /usr/local/lib/ruby/gems/2.3.0/gems/railties-5.0.0.1/lib/rails/templates/rails/welcome/index.html.erb
  Rendered /usr/local/lib/ruby/gems/2.3.0/gems/railties-5.0.0.1/lib/rails/templates/rails/welcome/index.html.erb (4.9ms)
Completed 200 OK in 28ms (Views: 13.5ms | ActiveRecord: 0.0ms)


Started GET "/" for ::1 at 2016-10-27 16:40:11 -0400
Processing by MainController#index as HTML
  Rendering main/index.html.erb within layouts/application
  Rendered main/index.html.erb within layouts/application (0.7ms)
Completed 200 OK in 1272ms (Views: 1256.2ms | ActiveRecord: 0.0ms)


Started GET "/" for ::1 at 2016-10-27 16:41:37 -0400
Processing by MainController#index as HTML
  Rendering main/index.html.erb within layouts/application
  Rendered main/index.html.erb within layouts/application (0.4ms)
Completed 200 OK in 218ms (Views: 209.0ms | ActiveRecord: 0.0ms)


Started GET "/" for ::1 at 2016-10-27 16:41:40 -0400
Processing by MainController#index as HTML
  Rendering main/index.html.erb within layouts/application
  Rendered main/index.html.erb within layouts/application (0.4ms)
Completed 200 OK in 45ms (Views: 41.3ms | ActiveRecord: 0.0ms)


Started GET "/" for ::1 at 2016-10-27 16:44:49 -0400
Processing by MainController#index as HTML
  Rendering main/index.html.erb within layouts/application
  Rendered main/index.html.erb within layouts/application (3.8ms)
Completed 200 OK in 127ms (Views: 105.9ms | ActiveRecord: 0.0ms)


Started GET "/" for ::1 at 2016-10-27 16:44:50 -0400
Processing by MainController#index as HTML
  Rendering main/index.html.erb within layouts/application
  Rendered main/index.html.erb within layouts/application (0.6ms)
Completed 200 OK in 39ms (Views: 35.2ms | ActiveRecord: 0.0ms)


Started GET "/" for ::1 at 2016-10-27 16:49:11 -0400
Processing by MainController#index as HTML
  Rendering main/index.html.erb within layouts/application
  Rendered main/index.html.erb within layouts/application (1.0ms)
Completed 200 OK in 138ms (Views: 121.5ms | ActiveRecord: 0.0ms)


Started GET "/" for ::1 at 2016-10-27 16:50:11 -0400
Processing by MainController#index as HTML
  Rendering main/index.html.erb within layouts/application
  Rendered main/index.html.erb within layouts/application (0.4ms)
Completed 200 OK in 124ms (Views: 120.3ms | ActiveRecord: 0.0ms)


Started GET "/" for ::1 at 2016-10-27 16:50:49 -0400
Processing by MainController#index as HTML
  Rendering main/index.html.erb within layouts/application
  Rendered main/index.html.erb within layouts/application (0.5ms)
Completed 200 OK in 126ms (Views: 122.7ms | ActiveRecord: 0.0ms)


Started GET "/stylesheets/application.css" for ::1 at 2016-10-27 16:50:49 -0400
  
ActionController::RoutingError (No route matches [GET] "/stylesheets/application.css"):
  
actionpack (5.0.0.1) lib/action_dispatch/middleware/debug_exceptions.rb:53:in `call'
web-console (3.3.1) lib/web_console/middleware.rb:131:in `call_app'
web-console (3.3.1) lib/web_console/middleware.rb:28:in `block in call'
web-console (3.3.1) lib/web_console/middleware.rb:18:in `catch'
web-console (3.3.1) lib/web_console/middleware.rb:18:in `call'
actionpack (5.0.0.1) lib/action_dispatch/middleware/show_exceptions.rb:31:in `call'
railties (5.0.0.1) lib/rails/rack/logger.rb:36:in `call_app'
railties (5.0.0.1) lib/rails/rack/logger.rb:24:in `block in call'
activesupport (5.0.0.1) lib/active_support/tagged_logging.rb:70:in `block in tagged'
activesupport (5.0.0.1) lib/active_support/tagged_logging.rb:26:in `tagged'
activesupport (5.0.0.1) lib/active_support/tagged_logging.rb:70:in `tagged'
railties (5.0.0.1) lib/rails/rack/logger.rb:24:in `call'
sprockets-rails (3.2.0) lib/sprockets/rails/quiet_assets.rb:13:in `call'
actionpack (5.0.0.1) lib/action_dispatch/middleware/request_id.rb:24:in `call'
rack (2.0.1) lib/rack/method_override.rb:22:in `call'
rack (2.0.1) lib/rack/runtime.rb:22:in `call'
activesupport (5.0.0.1) lib/active_support/cache/strategy/local_cache_middleware.rb:28:in `call'
actionpack (5.0.0.1) lib/action_dispatch/middleware/executor.rb:12:in `call'
actionpack (5.0.0.1) lib/action_dispatch/middleware/static.rb:136:in `call'
rack (2.0.1) lib/rack/sendfile.rb:111:in `call'
railties (5.0.0.1) lib/rails/engine.rb:522:in `call'
puma (3.6.0) lib/puma/configuration.rb:225:in `call'
puma (3.6.0) lib/puma/server.rb:578:in `handle_request'
puma (3.6.0) lib/puma/server.rb:415:in `process_client'
puma (3.6.0) lib/puma/server.rb:275:in `block in run'
puma (3.6.0) lib/puma/thread_pool.rb:116:in `block in spawn_thread'
  Rendering /usr/local/lib/ruby/gems/2.3.0/gems/actionpack-5.0.0.1/lib/action_dispatch/middleware/templates/rescues/routing_error.html.erb within rescues/layout
  Rendering /usr/local/lib/ruby/gems/2.3.0/gems/actionpack-5.0.0.1/lib/action_dispatch/middleware/templates/rescues/_trace.html.erb
  Rendered /usr/local/lib/ruby/gems/2.3.0/gems/actionpack-5.0.0.1/lib/action_dispatch/middleware/templates/rescues/_trace.html.erb (4.2ms)
  Rendered collection of /usr/local/lib/ruby/gems/2.3.0/gems/actionpack-5.0.0.1/lib/action_dispatch/middleware/templates/routes/_route.html.erb [1 times] (8.2ms)
  Rendered /usr/local/lib/ruby/gems/2.3.0/gems/actionpack-5.0.0.1/lib/action_dispatch/middleware/templates/routes/_table.html.erb (21.2ms)
  Rendering /usr/local/lib/ruby/gems/2.3.0/gems/actionpack-5.0.0.1/lib/action_dispatch/middleware/templates/rescues/_request_and_response.html.erb
  Rendered /usr/local/lib/ruby/gems/2.3.0/gems/actionpack-5.0.0.1/lib/action_dispatch/middleware/templates/rescues/_request_and_response.html.erb (3.0ms)
  Rendered /usr/local/lib/ruby/gems/2.3.0/gems/actionpack-5.0.0.1/lib/action_dispatch/middleware/templates/rescues/routing_error.html.erb within rescues/layout (169.8ms)
Started GET "/" for ::1 at 2016-10-27 16:54:27 -0400
Processing by MainController#index as HTML
  Rendering main/index.html.erb within layouts/application
  Rendered main/index.html.erb within layouts/application (0.5ms)
Completed 200 OK in 120ms (Views: 88.8ms | ActiveRecord: 0.0ms)


Started GET "/" for ::1 at 2016-10-27 16:56:15 -0400
Processing by MainController#index as HTML
  Rendering main/index.html.erb within layouts/application
  Rendered main/index.html.erb within layouts/application (0.4ms)
Completed 200 OK in 68ms (Views: 64.2ms | ActiveRecord: 0.0ms)


Started GET "/" for ::1 at 2016-10-27 16:56:17 -0400
Processing by MainController#index as HTML
  Rendering main/index.html.erb within layouts/application
  Rendered main/index.html.erb within layouts/application (0.3ms)
Completed 200 OK in 33ms (Views: 29.4ms | ActiveRecord: 0.0ms)


Started GET "/" for ::1 at 2016-10-27 17:02:47 -0400
Processing by MainController#index as HTML
  Rendering main/index.html.erb within layouts/application
  Rendered main/index.html.erb within layouts/application (0.3ms)
Completed 200 OK in 261ms (Views: 228.9ms | ActiveRecord: 0.0ms)


Started GET "/" for ::1 at 2016-10-27 17:09:51 -0400
Processing by MainController#index as HTML
  Rendering main/index.html.erb within layouts/application
  Rendered main/index.html.erb within layouts/application (0.4ms)
Completed 200 OK in 117ms (Views: 108.1ms | ActiveRecord: 0.0ms)


Started GET "/" for ::1 at 2016-10-27 17:13:44 -0400
Processing by MainController#index as HTML
  Rendering main/index.html.erb within layouts/application
  Rendered main/index.html.erb within layouts/application (2.2ms)
Completed 500 Internal Server Error in 114ms (ActiveRecord: 0.0ms)


  
ActionView::Template::Error (couldn't find file 'assets/main' with type 'text/css'
Checked in these paths: 
  /Volumes/Macintosh HD/Users/mikequach/Documents/bcpg/bcpg_site/app/assets/config
  /Volumes/Macintosh HD/Users/mikequach/Documents/bcpg/bcpg_site/app/assets/images
  /Volumes/Macintosh HD/Users/mikequach/Documents/bcpg/bcpg_site/app/assets/javascripts
  /Volumes/Macintosh HD/Users/mikequach/Documents/bcpg/bcpg_site/app/assets/stylesheets
  /Volumes/Macintosh HD/Users/mikequach/Documents/bcpg/bcpg_site/vendor/assets/javascripts
  /Volumes/Macintosh HD/Users/mikequach/Documents/bcpg/bcpg_site/vendor/assets/stylesheets
  /usr/local/lib/ruby/gems/2.3.0/gems/twitter-bootstrap-rails-3.2.2/app/assets/fonts
  /usr/local/lib/ruby/gems/2.3.0/gems/twitter-bootstrap-rails-3.2.2/app/assets/javascripts
  /usr/local/lib/ruby/gems/2.3.0/gems/twitter-bootstrap-rails-3.2.2/app/assets/stylesheets
  /usr/local/lib/ruby/gems/2.3.0/gems/twitter-bootstrap-rails-3.2.2/vendor/assets/stylesheets
  /usr/local/lib/ruby/gems/2.3.0/gems/jquery-rails-4.2.1/vendor/assets/javascripts
  /usr/local/lib/ruby/gems/2.3.0/gems/coffee-rails-4.2.1/lib/assets/javascripts
  /usr/local/lib/ruby/gems/2.3.0/gems/actioncable-5.0.0.1/lib/assets/compiled
  /usr/local/lib/ruby/gems/2.3.0/gems/turbolinks-source-5.0.0/lib/assets/javascripts):
    4:     <title>BcpgSite</title>
    5:     <%= csrf_meta_tags %>
    6: 
    7:     <%= stylesheet_link_tag    'application', media: 'all', 'data-turbolinks-track': 'reload' %>
    8:     <%= javascript_include_tag 'application', 'data-turbolinks-track': 'reload' %>
    9:   </head>
   10: 
  
app/assets/stylesheets/application.css:15
app/views/layouts/application.html.erb:7:in `_app_views_layouts_application_html_erb___892281961741195054_70262153328920'
  Rendering /usr/local/lib/ruby/gems/2.3.0/gems/actionpack-5.0.0.1/lib/action_dispatch/middleware/templates/rescues/template_error.html.erb within rescues/layout
  Rendering /usr/local/lib/ruby/gems/2.3.0/gems/actionpack-5.0.0.1/lib/action_dispatch/middleware/templates/rescues/_source.html.erb
  Rendered /usr/local/lib/ruby/gems/2.3.0/gems/actionpack-5.0.0.1/lib/action_dispatch/middleware/templates/rescues/_source.html.erb (6.0ms)
  Rendering /usr/local/lib/ruby/gems/2.3.0/gems/actionpack-5.0.0.1/lib/action_dispatch/middleware/templates/rescues/_trace.html.erb
  Rendered /usr/local/lib/ruby/gems/2.3.0/gems/actionpack-5.0.0.1/lib/action_dispatch/middleware/templates/rescues/_trace.html.erb (2.7ms)
  Rendering /usr/local/lib/ruby/gems/2.3.0/gems/actionpack-5.0.0.1/lib/action_dispatch/middleware/templates/rescues/_request_and_response.html.erb
  Rendered /usr/local/lib/ruby/gems/2.3.0/gems/actionpack-5.0.0.1/lib/action_dispatch/middleware/templates/rescues/_request_and_response.html.erb (0.9ms)
  Rendered /usr/local/lib/ruby/gems/2.3.0/gems/actionpack-5.0.0.1/lib/action_dispatch/middleware/templates/rescues/template_error.html.erb within rescues/layout (85.1ms)
Started GET "/" for ::1 at 2016-10-27 17:13:51 -0400
Processing by MainController#index as HTML
  Rendering main/index.html.erb within layouts/application
  Rendered main/index.html.erb within layouts/application (0.4ms)
Completed 200 OK in 104ms (Views: 100.3ms | ActiveRecord: 0.0ms)


Started GET "/" for ::1 at 2016-10-27 17:14:21 -0400
Processing by MainController#index as HTML
  Rendering main/index.html.erb within layouts/application
  Rendered main/index.html.erb within layouts/application (0.4ms)
Completed 200 OK in 94ms (Views: 91.2ms | ActiveRecord: 0.0ms)


Started GET "/" for ::1 at 2016-10-27 17:14:22 -0400
Processing by MainController#index as HTML
  Rendering main/index.html.erb within layouts/application
  Rendered main/index.html.erb within layouts/application (0.5ms)
Completed 200 OK in 35ms (Views: 32.4ms | ActiveRecord: 0.0ms)


Started GET "/" for ::1 at 2016-10-27 17:14:29 -0400
Processing by MainController#index as HTML
  Rendering main/index.html.erb within layouts/application
  Rendered main/index.html.erb within layouts/application (0.4ms)
Completed 200 OK in 69ms (Views: 65.5ms | ActiveRecord: 0.0ms)


Started GET "/" for ::1 at 2016-10-27 17:17:40 -0400
Processing by MainController#index as HTML
  Rendering main/index.html.erb within layouts/application
  Rendered main/index.html.erb within layouts/application (1.4ms)
Completed 200 OK in 131ms (Views: 114.9ms | ActiveRecord: 0.0ms)


Started GET "/" for ::1 at 2016-10-28 13:49:01 -0400
Processing by MainController#index as HTML
  Rendering main/index.html.erb within layouts/application
  Rendered main/index.html.erb within layouts/application (11.6ms)
Completed 200 OK in 433ms (Views: 372.5ms | ActiveRecord: 0.0ms)


Started GET "/" for ::1 at 2016-10-28 13:50:01 -0400
Processing by MainController#index as HTML
  Rendering main/index.html.erb within layouts/application
  Rendered main/index.html.erb within layouts/application (5.0ms)
Completed 200 OK in 545ms (Views: 523.0ms | ActiveRecord: 0.0ms)


Started GET "/" for ::1 at 2016-10-28 13:50:04 -0400
Processing by MainController#index as HTML
  Rendering main/index.html.erb within layouts/application
  Rendered main/index.html.erb within layouts/application (1.4ms)
Completed 200 OK in 39ms (Views: 36.7ms | ActiveRecord: 0.0ms)


Started GET "/" for ::1 at 2016-10-28 13:50:38 -0400
Processing by MainController#index as HTML
  Rendering main/index.html.erb within layouts/application
  Rendered main/index.html.erb within layouts/application (3.3ms)
Completed 200 OK in 346ms (Views: 319.1ms | ActiveRecord: 0.0ms)


